Thu Jul 27 2017 19:20:10 GMT-0700 (Pacific Daylight Time): GET /about
Thu Jul 27 2017 19:23:44 GMT-0700 (Pacific Daylight Time): GET /about
Thu Jul 27 2017 19:24:24 GMT-0700 (Pacific Daylight Time): GET /about
Thu Jul 27 2017 19:24:25 GMT-0700 (Pacific Daylight Time): GET /about
Thu Jul 27 2017 19:24:54 GMT-0700 (Pacific Daylight Time): GET /about
Thu Jul 27 2017 19:25:51 GMT-0700 (Pacific Daylight Time): GET /
Thu Jul 27 2017 19:26:33 GMT-0700 (Pacific Daylight Time): GET /
Thu Jul 27 2017 19:26:34 GMT-0700 (Pacific Daylight Time): GET /
Thu Jul 27 2017 19:26:35 GMT-0700 (Pacific Daylight Time): GET /
Thu Jul 27 2017 19:35:02 GMT-0700 (Pacific Daylight Time): GET /
Thu Jul 27 2017 19:37:40 GMT-0700 (Pacific Daylight Time): GET /
Thu Jul 27 2017 19:37:46 GMT-0700 (Pacific Daylight Time): GET /help.html
Thu Jul 27 2017 19:37:49 GMT-0700 (Pacific Daylight Time): GET /
Thu Jul 27 2017 19:39:11 GMT-0700 (Pacific Daylight Time): GET /
Thu Jul 27 2017 19:39:13 GMT-0700 (Pacific Daylight Time): GET /about
Thu Jul 27 2017 19:39:14 GMT-0700 (Pacific Daylight Time): GET /
Fri Jul 28 2017 13:44:44 GMT-0700 (Pacific Daylight Time): GET /about
Fri Jul 28 2017 13:44:46 GMT-0700 (Pacific Daylight Time): GET /
Fri Jul 28 2017 13:44:58 GMT-0700 (Pacific Daylight Time): GET /about
Fri Jul 28 2017 13:44:59 GMT-0700 (Pacific Daylight Time): GET /
Fri Jul 28 2017 13:45:01 GMT-0700 (Pacific Daylight Time): GET /about
Fri Jul 28 2017 13:45:02 GMT-0700 (Pacific Daylight Time): GET /
Fri Jul 28 2017 13:47:22 GMT-0700 (Pacific Daylight Time): GET /about
Fri Jul 28 2017 13:47:23 GMT-0700 (Pacific Daylight Time): GET /
Fri Jul 28 2017 13:58:20 GMT-0700 (Pacific Daylight Time): GET /
Fri Jul 28 2017 13:58:21 GMT-0700 (Pacific Daylight Time): GET /projects
Fri Jul 28 2017 13:58:23 GMT-0700 (Pacific Daylight Time): GET /about
Fri Jul 28 2017 13:58:24 GMT-0700 (Pacific Daylight Time): GET /
Fri Jul 28 2017 13:58:25 GMT-0700 (Pacific Daylight Time): GET /projects
Fri Jul 28 2017 13:58:26 GMT-0700 (Pacific Daylight Time): GET /about
Fri Jul 28 2017 13:58:26 GMT-0700 (Pacific Daylight Time): GET /
Fri Jul 28 2017 13:58:38 GMT-0700 (Pacific Daylight Time): GET /about
Fri Jul 28 2017 13:58:39 GMT-0700 (Pacific Daylight Time): GET /projects
Sat Jul 29 2017 18:51:12 GMT-0700 (Pacific Daylight Time): GET /
Sat Jul 29 2017 18:51:12 GMT-0700 (Pacific Daylight Time): GET /favicon.ico
Sat Jul 29 2017 18:51:15 GMT-0700 (Pacific Daylight Time): GET /projects
Sat Jul 29 2017 18:51:18 GMT-0700 (Pacific Daylight Time): GET /about
Sat Jul 29 2017 18:51:19 GMT-0700 (Pacific Daylight Time): GET /
